<coverage generated="1438871814">
  <project timestamp="1438871814">
    <file name="/mnt/jenkins/workspace/rest-api/coverage/src/api/routes.php">
      <line num="6" type="stmt" count="2"/>
      <line num="7" type="stmt" count="28"/>
      <line num="10" type="stmt" count="6"/>
      <line num="12" type="stmt" count="6"/>
      <line num="14" type="stmt" count="6"/>
      <line num="15" type="stmt" count="1"/>
      <line num="16" type="stmt" count="1"/>
      <line num="18" type="stmt" count="6"/>
      <line num="19" type="stmt" count="6"/>
      <line num="21" type="stmt" count="6"/>
      <line num="22" type="stmt" count="3"/>
      <line num="23" type="stmt" count="3"/>
      <line num="24" type="stmt" count="6"/>
      <line num="26" type="stmt" count="6"/>
      <line num="28" type="stmt" count="7"/>
      <line num="29" type="stmt" count="6"/>
      <line num="30" type="stmt" count="1"/>
      <line num="31" type="stmt" count="1"/>
      <line num="32" type="stmt" count="1"/>
      <line num="33" type="stmt" count="6"/>
      <line num="34" type="stmt" count="28"/>
      <line num="39" type="stmt" count="28"/>
      <line num="40" type="stmt" count="28"/>
      <line num="41" type="stmt" count="28"/>
      <line num="42" type="stmt" count="28"/>
      <line num="43" type="stmt" count="28"/>
      <metrics loc="43" ncloc="25" classes="0" methods="0" coveredmethods="0" conditionals="0" coveredconditionals="0" statements="26" coveredstatements="26" elements="26" coveredelements="26"/>
    </file>
    <package name="DoW\game\v1">
      <file name="/mnt/jenkins/workspace/rest-api/coverage/src/endpoints/game/v1/AchievementsController.php">
        <class name="AchievementsController" namespace="DoW\game\v1">
          <metrics methods="2" coveredmethods="2" conditionals="0" coveredconditionals="0" statements="3" coveredstatements="3" elements="5" coveredelements="5"/>
        </class>
        <line num="15" type="method" name="__construct" crap="1" count="28"/>
        <line num="17" type="stmt" count="28"/>
        <line num="18" type="stmt" count="28"/>
        <line num="77" type="method" name="get" crap="1" count="2"/>
        <line num="79" type="stmt" count="2"/>
        <metrics loc="81" ncloc="18" classes="1" methods="2" coveredmethods="2" conditionals="0" coveredconditionals="0" statements="3" coveredstatements="3" elements="5" coveredelements="5"/>
      </file>
    </package>
    <package name="DoW\partner\v1">
      <file name="/mnt/jenkins/workspace/rest-api/coverage/src/endpoints/partner/v1/PartnerController.php">
        <class name="PartnerController" namespace="DoW\partner\v1">
          <metrics methods="8" coveredmethods="6" conditionals="0" coveredconditionals="0" statements="49" coveredstatements="34" elements="57" coveredelements="40"/>
        </class>
        <line num="21" type="method" name="__construct" crap="1" count="28"/>
        <line num="23" type="stmt" count="28"/>
        <line num="24" type="stmt" count="28"/>
        <line num="32" type="method" name="getAppList" crap="1" count="1"/>
        <line num="34" type="stmt" count="1"/>
        <line num="41" type="method" name="getApp" crap="1" count="4"/>
        <line num="43" type="stmt" count="4"/>
        <line num="46" type="method" name="createApp" crap="1" count="5"/>
        <line num="48" type="stmt" count="5"/>
        <line num="49" type="stmt" count="5"/>
        <line num="50" type="stmt" count="5"/>
        <line num="53" type="method" name="deleteApp" crap="1" count="1"/>
        <line num="55" type="stmt" count="1"/>
        <line num="58" type="method" name="updateApp" crap="1" count="1"/>
        <line num="60" type="stmt" count="1"/>
        <line num="61" type="stmt" count="1"/>
        <line num="67" type="method" name="updateAppRecord" crap="8.16" count="5"/>
        <line num="69" type="stmt" count="5"/>
        <line num="70" type="stmt" count="1"/>
        <line num="72" type="stmt" count="4"/>
        <line num="73" type="stmt" count="0"/>
        <line num="75" type="stmt" count="4"/>
        <line num="76" type="stmt" count="1"/>
        <line num="78" type="stmt" count="3"/>
        <line num="79" type="stmt" count="0"/>
        <line num="82" type="stmt" count="3"/>
        <line num="83" type="stmt" count="3"/>
        <line num="84" type="stmt" count="3"/>
        <line num="85" type="stmt" count="3"/>
        <line num="86" type="stmt" count="3"/>
        <line num="87" type="stmt" count="3"/>
        <line num="88" type="stmt" count="3"/>
        <line num="89" type="stmt" count="3"/>
        <line num="90" type="stmt" count="3"/>
        <line num="91" type="stmt" count="3"/>
        <line num="92" type="stmt" count="3"/>
        <line num="94" type="stmt" count="3"/>
        <line num="95" type="stmt" count="3"/>
        <line num="97" type="stmt" count="0"/>
        <line num="104" type="method" name="generateClientId" crap="45.17" count="5"/>
        <line num="106" type="stmt" count="5"/>
        <line num="107" type="stmt" count="0"/>
        <line num="108" type="stmt" count="0"/>
        <line num="109" type="stmt" count="0"/>
        <line num="111" type="stmt" count="0"/>
        <line num="112" type="stmt" count="5"/>
        <line num="113" type="stmt" count="5"/>
        <line num="114" type="stmt" count="5"/>
        <line num="115" type="stmt" count="5"/>
        <line num="117" type="stmt" count="0"/>
        <line num="118" type="stmt" count="0"/>
        <line num="119" type="stmt" count="0"/>
        <line num="120" type="stmt" count="0"/>
        <line num="121" type="stmt" count="0"/>
        <line num="123" type="stmt" count="0"/>
        <line num="125" type="stmt" count="0"/>
        <line num="126" type="stmt" count="0"/>
        <metrics loc="128" ncloc="96" classes="1" methods="8" coveredmethods="6" conditionals="0" coveredconditionals="0" statements="49" coveredstatements="34" elements="57" coveredelements="40"/>
      </file>
    </package>
    <metrics files="24" loc="1525" ncloc="1112" classes="17" methods="90" coveredmethods="60" conditionals="0" coveredconditionals="0" statements="538" coveredstatements="370" elements="628" coveredelements="430"/>
  </project>
</coverage>